This file contains any messages produced by compilers while
running configure, to aid debugging if configure makes a mistake.

It was created by gtkdatabox configure 0.9.1.3, which was
generated by GNU Autoconf 2.65.  Invocation command line was

  $ ./configure --enable-gtk-doc

## --------- ##
## Platform. ##
## --------- ##

hostname = thepackage
uname -m = x86_64
uname -r = 2.6.31-21-generic
uname -s = Linux
uname -v = #59-Ubuntu SMP Wed Mar 24 07:28:27 UTC 2010

/usr/bin/uname -p = unknown
/bin/uname -X     = unknown

/bin/arch              = unknown
/usr/bin/arch -k       = unknown
/usr/convex/getsysinfo = unknown
/usr/bin/hostinfo      = unknown
/bin/machine           = unknown
/usr/bin/oslevel       = unknown
/bin/universe          = unknown

PATH: /home/brphelps/My_Documents/ARM_Atmel_Sam7X256/gnuarm-3.4.3/bin/
PATH: /home/brphelps/bin
PATH: /usr/local/sbin
PATH: /usr/local/bin
PATH: /usr/sbin
PATH: /usr/bin
PATH: /sbin
PATH: /bin
PATH: /usr/games
PATH: /usr/local/bin/


## ----------- ##
## Core tests. ##
## ----------- ##

configure:2333: checking for a BSD-compatible install
configure:2401: result: /usr/bin/install -c
configure:2412: checking whether build environment is sane
configure:2462: result: yes
configure:2603: checking for a thread-safe mkdir -p
configure:2642: result: /bin/mkdir -p
configure:2655: checking for gawk
configure:2671: found /usr/bin/gawk
configure:2682: result: gawk
configure:2693: checking whether make sets $(MAKE)
configure:2715: result: yes
configure:2825: checking build system type
configure:2839: result: x86_64-unknown-linux-gnu
configure:2859: checking host system type
configure:2872: result: x86_64-unknown-linux-gnu
configure:2904: checking for style of include used by make
configure:2932: result: GNU
configure:3002: checking for gcc
configure:3018: found /usr/bin/gcc
configure:3029: result: gcc
configure:3258: checking for C compiler version
configure:3267: gcc --version >&5
gcc (Ubuntu 4.4.3-4ubuntu5) 4.4.3
Copyright (C) 2009 Free Software Foundation, Inc.
This is free software; see the source for copying conditions.  There is NO
warranty; not even for MERCHANTABILITY or FITNESS FOR A PARTICULAR PURPOSE.

configure:3278: $? = 0
configure:3267: gcc -v >&5
Using built-in specs.
Target: x86_64-linux-gnu
Configured with: ../src/configure -v --with-pkgversion='Ubuntu 4.4.3-4ubuntu5' --with-bugurl=file:///usr/share/doc/gcc-4.4/README.Bugs --enable-languages=c,c++,fortran,objc,obj-c++ --prefix=/usr --enable-shared --enable-multiarch --enable-linker-build-id --with-system-zlib --libexecdir=/usr/lib --without-included-gettext --enable-threads=posix --with-gxx-include-dir=/usr/include/c++/4.4 --program-suffix=-4.4 --enable-nls --enable-clocale=gnu --enable-libstdcxx-debug --enable-plugin --enable-objc-gc --disable-werror --with-arch-32=i486 --with-tune=generic --enable-checking=release --build=x86_64-linux-gnu --host=x86_64-linux-gnu --target=x86_64-linux-gnu
Thread model: posix
gcc version 4.4.3 (Ubuntu 4.4.3-4ubuntu5) 
configure:3278: $? = 0
configure:3267: gcc -V >&5
gcc: '-V' option must have argument
configure:3278: $? = 1
configure:3267: gcc -qversion >&5
gcc: unrecognized option '-qversion'
gcc: no input files
configure:3278: $? = 1
configure:3298: checking whether the C compiler works
configure:3320: gcc    conftest.c  >&5
configure:3324: $? = 0
configure:3373: result: yes
configure:3376: checking for C compiler default output file name
configure:3378: result: a.out
configure:3384: checking for suffix of executables
configure:3391: gcc -o conftest    conftest.c  >&5
configure:3395: $? = 0
configure:3417: result: 
configure:3439: checking whether we are cross compiling
configure:3447: gcc -o conftest    conftest.c  >&5
configure:3451: $? = 0
configure:3458: ./conftest
configure:3462: $? = 0
configure:3477: result: no
configure:3482: checking for suffix of object files
configure:3504: gcc -c   conftest.c >&5
configure:3508: $? = 0
configure:3529: result: o
configure:3533: checking whether we are using the GNU C compiler
configure:3552: gcc -c   conftest.c >&5
configure:3552: $? = 0
configure:3561: result: yes
configure:3570: checking whether gcc accepts -g
configure:3590: gcc -c -g  conftest.c >&5
configure:3590: $? = 0
configure:3631: result: yes
configure:3648: checking for gcc option to accept ISO C89
configure:3712: gcc  -c -g -O2  conftest.c >&5
configure:3712: $? = 0
configure:3725: result: none needed
configure:3747: checking dependency style of gcc
configure:3857: result: gcc3
configure:3872: checking for a sed that does not truncate output
configure:3936: result: /bin/sed
configure:3954: checking for grep that handles long lines and -e
configure:4012: result: /bin/grep
configure:4017: checking for egrep
configure:4079: result: /bin/grep -E
configure:4084: checking for fgrep
configure:4146: result: /bin/grep -F
configure:4181: checking for ld used by gcc
configure:4248: result: /usr/bin/ld
configure:4255: checking if the linker (/usr/bin/ld) is GNU ld
configure:4270: result: yes
configure:4282: checking for BSD- or MS-compatible name lister (nm)
configure:4331: result: /usr/bin/nm -B
configure:4449: checking the name lister (/usr/bin/nm -B) interface
configure:4456: gcc -c -g -O2  conftest.c >&5
configure:4459: /usr/bin/nm -B "conftest.o"
configure:4462: output
0000000000000000 B some_variable
configure:4469: result: BSD nm
configure:4472: checking whether ln -s works
configure:4476: result: yes
configure:4484: checking the maximum length of command line arguments
configure:4604: result: 1572864
configure:4621: checking whether the shell understands some XSI constructs
configure:4631: result: yes
configure:4635: checking whether the shell understands "+="
configure:4641: result: yes
configure:4676: checking for /usr/bin/ld option to reload object files
configure:4683: result: -r
configure:4752: checking for objdump
configure:4768: found /usr/bin/objdump
configure:4779: result: objdump
configure:4811: checking how to recognize dependent libraries
configure:5007: result: pass_all
configure:5067: checking for ar
configure:5083: found /usr/bin/ar
configure:5094: result: ar
configure:5172: checking for strip
configure:5188: found /usr/bin/strip
configure:5199: result: strip
configure:5271: checking for ranlib
configure:5287: found /usr/bin/ranlib
configure:5298: result: ranlib
configure:5388: checking command to parse /usr/bin/nm -B output from gcc object
configure:5506: gcc -c -g -O2  conftest.c >&5
configure:5509: $? = 0
configure:5513: /usr/bin/nm -B conftest.o \| sed -n -e 's/^.*[	 ]\([ABCDGIRSTW][ABCDGIRSTW]*\)[	 ][	 ]*\([_A-Za-z][_A-Za-z0-9]*\)$/\1 \2 \2/p' \> conftest.nm
configure:5516: $? = 0
configure:5570: gcc -o conftest -g -O2   conftest.c conftstm.o >&5
configure:5573: $? = 0
configure:5611: result: ok
configure:5707: gcc -c -g -O2  conftest.c >&5
configure:5710: $? = 0
configure:6420: checking how to run the C preprocessor
configure:6451: gcc -E  conftest.c
configure:6451: $? = 0
configure:6465: gcc -E  conftest.c
conftest.c:11:28: error: ac_nonexistent.h: No such file or directory
configure:6465: $? = 1
configure: failed program was:
| /* confdefs.h */
| #define PACKAGE_NAME "gtkdatabox"
| #define PACKAGE_TARNAME "gtkdatabox"
| #define PACKAGE_VERSION "0.9.1.3"
| #define PACKAGE_STRING "gtkdatabox 0.9.1.3"
| #define PACKAGE_BUGREPORT ""
| #define PACKAGE_URL ""
| #define PACKAGE "gtkdatabox"
| #define VERSION "0.9.1.3"
| /* end confdefs.h.  */
| #include <ac_nonexistent.h>
configure:6490: result: gcc -E
configure:6510: gcc -E  conftest.c
configure:6510: $? = 0
configure:6524: gcc -E  conftest.c
conftest.c:11:28: error: ac_nonexistent.h: No such file or directory
configure:6524: $? = 1
configure: failed program was:
| /* confdefs.h */
| #define PACKAGE_NAME "gtkdatabox"
| #define PACKAGE_TARNAME "gtkdatabox"
| #define PACKAGE_VERSION "0.9.1.3"
| #define PACKAGE_STRING "gtkdatabox 0.9.1.3"
| #define PACKAGE_BUGREPORT ""
| #define PACKAGE_URL ""
| #define PACKAGE "gtkdatabox"
| #define VERSION "0.9.1.3"
| /* end confdefs.h.  */
| #include <ac_nonexistent.h>
configure:6553: checking for ANSI C header files
configure:6573: gcc -c -g -O2  conftest.c >&5
configure:6573: $? = 0
configure:6646: gcc -o conftest -g -O2   conftest.c  >&5
configure:6646: $? = 0
configure:6646: ./conftest
configure:6646: $? = 0
configure:6657: result: yes
configure:6670: checking for sys/types.h
configure:6670: gcc -c -g -O2  conftest.c >&5
configure:6670: $? = 0
configure:6670: result: yes
configure:6670: checking for sys/stat.h
configure:6670: gcc -c -g -O2  conftest.c >&5
configure:6670: $? = 0
configure:6670: result: yes
configure:6670: checking for stdlib.h
configure:6670: gcc -c -g -O2  conftest.c >&5
configure:6670: $? = 0
configure:6670: result: yes
configure:6670: checking for string.h
configure:6670: gcc -c -g -O2  conftest.c >&5
configure:6670: $? = 0
configure:6670: result: yes
configure:6670: checking for memory.h
configure:6670: gcc -c -g -O2  conftest.c >&5
configure:6670: $? = 0
configure:6670: result: yes
configure:6670: checking for strings.h
configure:6670: gcc -c -g -O2  conftest.c >&5
configure:6670: $? = 0
configure:6670: result: yes
configure:6670: checking for inttypes.h
configure:6670: gcc -c -g -O2  conftest.c >&5
configure:6670: $? = 0
configure:6670: result: yes
configure:6670: checking for stdint.h
configure:6670: gcc -c -g -O2  conftest.c >&5
configure:6670: $? = 0
configure:6670: result: yes
configure:6670: checking for unistd.h
configure:6670: gcc -c -g -O2  conftest.c >&5
configure:6670: $? = 0
configure:6670: result: yes
configure:6685: checking for dlfcn.h
configure:6685: gcc -c -g -O2  conftest.c >&5
configure:6685: $? = 0
configure:6685: result: yes
configure:6869: checking for objdir
configure:6884: result: .libs
configure:7176: checking if gcc supports -fno-rtti -fno-exceptions
configure:7194: gcc -c -g -O2  -fno-rtti -fno-exceptions conftest.c >&5
cc1: warning: command line option "-fno-rtti" is valid for C++/ObjC++ but not for C
configure:7198: $? = 0
configure:7211: result: no
configure:7231: checking for gcc option to produce PIC
configure:7503: result: -fPIC -DPIC
configure:7515: checking if gcc PIC flag -fPIC -DPIC works
configure:7533: gcc -c -g -O2  -fPIC -DPIC -DPIC conftest.c >&5
configure:7537: $? = 0
configure:7550: result: yes
configure:7574: checking if gcc static flag -static works
configure:7602: result: yes
configure:7617: checking if gcc supports -c -o file.o
configure:7638: gcc -c -g -O2  -o out/conftest2.o conftest.c >&5
configure:7642: $? = 0
configure:7664: result: yes
configure:7672: checking if gcc supports -c -o file.o
configure:7719: result: yes
configure:7752: checking whether the gcc linker (/usr/bin/ld -m elf_x86_64) supports shared libraries
configure:8743: result: yes
configure:8780: checking whether -lc should be explicitly linked in
configure:8785: gcc -c -g -O2  conftest.c >&5
configure:8788: $? = 0
configure:8803: gcc -shared conftest.o  -v -Wl,-soname -Wl,conftest -o conftest 2\>\&1 \| /bin/grep  -lc  \>/dev/null 2\>\&1
configure:8806: $? = 0
configure:8818: result: no
configure:8982: checking dynamic linker characteristics
configure:9415: gcc -o conftest -g -O2   -Wl,-rpath -Wl,/foo conftest.c  >&5
configure:9415: $? = 0
configure:9645: result: GNU/Linux ld.so
configure:9747: checking how to hardcode library paths into programs
configure:9772: result: immediate
configure:10292: checking whether stripping libraries is possible
configure:10297: result: yes
configure:10332: checking if libtool supports shared libraries
configure:10334: result: yes
configure:10337: checking whether to build shared libraries
configure:10358: result: yes
configure:10361: checking whether to build static libraries
configure:10365: result: yes
configure:10449: checking for gcc
configure:10476: result: gcc
configure:10705: checking for C compiler version
configure:10714: gcc --version >&5
gcc (Ubuntu 4.4.3-4ubuntu5) 4.4.3
Copyright (C) 2009 Free Software Foundation, Inc.
This is free software; see the source for copying conditions.  There is NO
warranty; not even for MERCHANTABILITY or FITNESS FOR A PARTICULAR PURPOSE.

configure:10725: $? = 0
configure:10714: gcc -v >&5
Using built-in specs.
Target: x86_64-linux-gnu
Configured with: ../src/configure -v --with-pkgversion='Ubuntu 4.4.3-4ubuntu5' --with-bugurl=file:///usr/share/doc/gcc-4.4/README.Bugs --enable-languages=c,c++,fortran,objc,obj-c++ --prefix=/usr --enable-shared --enable-multiarch --enable-linker-build-id --with-system-zlib --libexecdir=/usr/lib --without-included-gettext --enable-threads=posix --with-gxx-include-dir=/usr/include/c++/4.4 --program-suffix=-4.4 --enable-nls --enable-clocale=gnu --enable-libstdcxx-debug --enable-plugin --enable-objc-gc --disable-werror --with-arch-32=i486 --with-tune=generic --enable-checking=release --build=x86_64-linux-gnu --host=x86_64-linux-gnu --target=x86_64-linux-gnu
Thread model: posix
gcc version 4.4.3 (Ubuntu 4.4.3-4ubuntu5) 
configure:10725: $? = 0
configure:10714: gcc -V >&5
gcc: '-V' option must have argument
configure:10725: $? = 1
configure:10714: gcc -qversion >&5
gcc: unrecognized option '-qversion'
gcc: no input files
configure:10725: $? = 1
configure:10729: checking whether we are using the GNU C compiler
configure:10757: result: yes
configure:10766: checking whether gcc accepts -g
configure:10827: result: yes
configure:10844: checking for gcc option to accept ISO C89
configure:10921: result: none needed
configure:10943: checking dependency style of gcc
configure:11053: result: gcc3
configure:11073: checking how to run the C preprocessor
configure:11143: result: gcc -E
configure:11163: gcc -E  conftest.c
configure:11163: $? = 0
configure:11177: gcc -E  conftest.c
conftest.c:23:28: error: ac_nonexistent.h: No such file or directory
configure:11177: $? = 1
configure: failed program was:
| /* confdefs.h */
| #define PACKAGE_NAME "gtkdatabox"
| #define PACKAGE_TARNAME "gtkdatabox"
| #define PACKAGE_VERSION "0.9.1.3"
| #define PACKAGE_STRING "gtkdatabox 0.9.1.3"
| #define PACKAGE_BUGREPORT ""
| #define PACKAGE_URL ""
| #define PACKAGE "gtkdatabox"
| #define VERSION "0.9.1.3"
| #define STDC_HEADERS 1
| #define HAVE_SYS_TYPES_H 1
| #define HAVE_SYS_STAT_H 1
| #define HAVE_STDLIB_H 1
| #define HAVE_STRING_H 1
| #define HAVE_MEMORY_H 1
| #define HAVE_STRINGS_H 1
| #define HAVE_INTTYPES_H 1
| #define HAVE_STDINT_H 1
| #define HAVE_UNISTD_H 1
| #define HAVE_DLFCN_H 1
| #define LT_OBJDIR ".libs/"
| /* end confdefs.h.  */
| #include <ac_nonexistent.h>
configure:11233: checking for pkg-config
configure:11251: found /usr/bin/pkg-config
configure:11264: result: /usr/bin/pkg-config
configure:11286: checking for GTK+ - version >= 2.8.0
configure:11396: gcc -o conftest -g -O2 -pthread -D_REENTRANT -I/usr/include/gtk-2.0 -I/usr/lib/gtk-2.0/include -I/usr/include/atk-1.0 -I/usr/include/cairo -I/usr/include/pango-1.0 -I/usr/include/gio-unix-2.0/ -I/usr/include/glib-2.0 -I/usr/lib/glib-2.0/include -I/usr/include/pixman-1 -I/usr/include/freetype2 -I/usr/include/directfb -I/usr/include/libpng12     conftest.c -pthread -lgtk-x11-2.0 -lgdk-x11-2.0 -latk-1.0 -lgio-2.0 -lpangoft2-1.0 -lgdk_pixbuf-2.0 -lm -lpangocairo-1.0 -lcairo -lpango-1.0 -lfreetype -lfontconfig -lgobject-2.0 -lgmodule-2.0 -lgthread-2.0 -lrt -lglib-2.0    >&5
configure:11396: $? = 0
configure:11396: ./conftest
configure:11396: $? = 0
configure:11410: result: yes (version 2.20.1)
configure:11574: checking pkg-config is at least version 0.9.0
configure:11577: result: yes
configure:11588: checking for PANGO
configure:11596: $PKG_CONFIG --exists --print-errors "pango >= 1.16.0"
configure:11599: $? = 0
configure:11614: $PKG_CONFIG --exists --print-errors "pango >= 1.16.0"
configure:11617: $? = 0
configure:11672: result: yes
configure:11678: checking for CAIRO
configure:11686: $PKG_CONFIG --exists --print-errors "cairo >= 1.4.0"
configure:11689: $? = 0
configure:11704: $PKG_CONFIG --exists --print-errors "cairo >= 1.4.0"
configure:11707: $? = 0
configure:11762: result: yes
configure:11781: checking whether to build libglade support module
configure:11873: result: no
configure:11898: checking whether to build glade-3 support module
configure:11995: result: no
configure:12019: checking for gtkdoc-check
configure:12037: found /usr/bin/gtkdoc-check
configure:12049: result: /usr/bin/gtkdoc-check
configure:12061: checking for gtkdoc-rebase
configure:12079: found /usr/bin/gtkdoc-rebase
configure:12091: result: /usr/bin/gtkdoc-rebase
configure:12105: checking for gtkdoc-mkpdf
configure:12123: found /usr/bin/gtkdoc-mkpdf
configure:12135: result: /usr/bin/gtkdoc-mkpdf
configure:12165: $PKG_CONFIG --exists --print-errors "gtk-doc >= 1.4"
configure:12168: $? = 0
configure:12176: checking whether to build gtk-doc documentation
configure:12178: result: yes
configure:12395: creating ./config.status

## ---------------------- ##
## Running config.status. ##
## ---------------------- ##

This file was extended by gtkdatabox config.status 0.9.1.3, which was
generated by GNU Autoconf 2.65.  Invocation command line was

  CONFIG_FILES    = 
  CONFIG_HEADERS  = 
  CONFIG_LINKS    = 
  CONFIG_COMMANDS = 
  $ ./config.status 

on thepackage

config.status:1110: creating Makefile
config.status:1110: creating gtk/Makefile
config.status:1110: creating glade/Makefile
config.status:1110: creating examples/Makefile
config.status:1110: creating docs/Makefile
config.status:1110: creating docs/reference/Makefile
config.status:1110: creating gtkdatabox.pc
config.status:1110: creating gtkdatabox.spec
config.status:1110: creating config.h
config.status:1282: config.h is unchanged
config.status:1330: executing depfiles commands
config.status:1330: executing libtool commands
configure:14610: result:

	Install libglade-2.0 module:	no
	Install glade-3 module:         no


## ---------------- ##
## Cache variables. ##
## ---------------- ##

ac_cv_build=x86_64-unknown-linux-gnu
ac_cv_c_compiler_gnu=yes
ac_cv_enable_glade=no
ac_cv_enable_libglade=no
ac_cv_env_CAIRO_CFLAGS_set=
ac_cv_env_CAIRO_CFLAGS_value=
ac_cv_env_CAIRO_LIBS_set=
ac_cv_env_CAIRO_LIBS_value=
ac_cv_env_CC_set=
ac_cv_env_CC_value=
ac_cv_env_CFLAGS_set=
ac_cv_env_CFLAGS_value=
ac_cv_env_CPPFLAGS_set=
ac_cv_env_CPPFLAGS_value=
ac_cv_env_CPP_set=
ac_cv_env_CPP_value=
ac_cv_env_GLADE3_CFLAGS_set=
ac_cv_env_GLADE3_CFLAGS_value=
ac_cv_env_GLADE3_LIBS_set=
ac_cv_env_GLADE3_LIBS_value=
ac_cv_env_LDFLAGS_set=
ac_cv_env_LDFLAGS_value=
ac_cv_env_LIBGLADE_CFLAGS_set=
ac_cv_env_LIBGLADE_CFLAGS_value=
ac_cv_env_LIBGLADE_LIBS_set=
ac_cv_env_LIBGLADE_LIBS_value=
ac_cv_env_LIBS_set=
ac_cv_env_LIBS_value=
ac_cv_env_PANGO_CFLAGS_set=
ac_cv_env_PANGO_CFLAGS_value=
ac_cv_env_PANGO_LIBS_set=
ac_cv_env_PANGO_LIBS_value=
ac_cv_env_PKG_CONFIG_set=
ac_cv_env_PKG_CONFIG_value=
ac_cv_env_build_alias_set=
ac_cv_env_build_alias_value=
ac_cv_env_host_alias_set=
ac_cv_env_host_alias_value=
ac_cv_env_target_alias_set=
ac_cv_env_target_alias_value=
ac_cv_header_dlfcn_h=yes
ac_cv_header_inttypes_h=yes
ac_cv_header_memory_h=yes
ac_cv_header_stdc=yes
ac_cv_header_stdint_h=yes
ac_cv_header_stdlib_h=yes
ac_cv_header_string_h=yes
ac_cv_header_strings_h=yes
ac_cv_header_sys_stat_h=yes
ac_cv_header_sys_types_h=yes
ac_cv_header_unistd_h=yes
ac_cv_host=x86_64-unknown-linux-gnu
ac_cv_objext=o
ac_cv_path_EGREP='/bin/grep -E'
ac_cv_path_FGREP='/bin/grep -F'
ac_cv_path_GREP=/bin/grep
ac_cv_path_GTKDOC_CHECK=/usr/bin/gtkdoc-check
ac_cv_path_GTKDOC_MKPDF=/usr/bin/gtkdoc-mkpdf
ac_cv_path_GTKDOC_REBASE=/usr/bin/gtkdoc-rebase
ac_cv_path_PKG_CONFIG=/usr/bin/pkg-config
ac_cv_path_SED=/bin/sed
ac_cv_path_install='/usr/bin/install -c'
ac_cv_path_mkdir=/bin/mkdir
ac_cv_prog_AWK=gawk
ac_cv_prog_CPP='gcc -E'
ac_cv_prog_ac_ct_AR=ar
ac_cv_prog_ac_ct_CC=gcc
ac_cv_prog_ac_ct_OBJDUMP=objdump
ac_cv_prog_ac_ct_RANLIB=ranlib
ac_cv_prog_ac_ct_STRIP=strip
ac_cv_prog_cc_c89=
ac_cv_prog_cc_g=yes
ac_cv_prog_make_make_set=yes
am_cv_CC_dependencies_compiler_type=gcc3
lt_cv_deplibs_check_method=pass_all
lt_cv_file_magic_cmd='$MAGIC_CMD'
lt_cv_file_magic_test_file=
lt_cv_ld_reload_flag=-r
lt_cv_nm_interface='BSD nm'
lt_cv_objdir=.libs
lt_cv_path_LD=/usr/bin/ld
lt_cv_path_NM='/usr/bin/nm -B'
lt_cv_prog_compiler_c_o=yes
lt_cv_prog_compiler_pic_works=yes
lt_cv_prog_compiler_rtti_exceptions=no
lt_cv_prog_compiler_static_works=yes
lt_cv_prog_gnu_ld=yes
lt_cv_sys_global_symbol_pipe='sed -n -e '\''s/^.*[	 ]\([ABCDGIRSTW][ABCDGIRSTW]*\)[	 ][	 ]*\([_A-Za-z][_A-Za-z0-9]*\)$/\1 \2 \2/p'\'''
lt_cv_sys_global_symbol_to_c_name_address='sed -n -e '\''s/^: \([^ ]*\) $/  {\"\1\", (void *) 0},/p'\'' -e '\''s/^[ABCDGIRSTW]* \([^ ]*\) \([^ ]*\)$/  {"\2", (void *) \&\2},/p'\'''
lt_cv_sys_global_symbol_to_c_name_address_lib_prefix='sed -n -e '\''s/^: \([^ ]*\) $/  {\"\1\", (void *) 0},/p'\'' -e '\''s/^[ABCDGIRSTW]* \([^ ]*\) \(lib[^ ]*\)$/  {"\2", (void *) \&\2},/p'\'' -e '\''s/^[ABCDGIRSTW]* \([^ ]*\) \([^ ]*\)$/  {"lib\2", (void *) \&\2},/p'\'''
lt_cv_sys_global_symbol_to_cdecl='sed -n -e '\''s/^T .* \(.*\)$/extern int \1();/p'\'' -e '\''s/^[ABCDGIRSTW]* .* \(.*\)$/extern char \1;/p'\'''
lt_cv_sys_max_cmd_len=1572864
pkg_cv_CAIRO_CFLAGS='-D_REENTRANT -I/usr/include/cairo -I/usr/include/pixman-1 -I/usr/include/freetype2 -I/usr/include/directfb -I/usr/include/libpng12  '
pkg_cv_CAIRO_LIBS='-lcairo  '
pkg_cv_PANGO_CFLAGS='-pthread -I/usr/include/pango-1.0 -I/usr/include/glib-2.0 -I/usr/lib/glib-2.0/include  '
pkg_cv_PANGO_LIBS='-pthread -lpango-1.0 -lgobject-2.0 -lgmodule-2.0 -lgthread-2.0 -lrt -lglib-2.0  '

## ----------------- ##
## Output variables. ##
## ----------------- ##

ACLOCAL='${SHELL} /home/brphelps/BRP-PACU-Staging/gtkdatabox_git/missing --run aclocal-1.11'
AMDEPBACKSLASH='\'
AMDEP_FALSE='#'
AMDEP_TRUE=''
AMTAR='${SHELL} /home/brphelps/BRP-PACU-Staging/gtkdatabox_git/missing --run tar'
AR='ar'
AUTOCONF='${SHELL} /home/brphelps/BRP-PACU-Staging/gtkdatabox_git/missing --run autoconf'
AUTOHEADER='${SHELL} /home/brphelps/BRP-PACU-Staging/gtkdatabox_git/missing --run autoheader'
AUTOMAKE='${SHELL} /home/brphelps/BRP-PACU-Staging/gtkdatabox_git/missing --run automake-1.11'
AWK='gawk'
BUILD_GLADE_FALSE=''
BUILD_GLADE_TRUE='#'
BUILD_LIBGLADE_FALSE=''
BUILD_LIBGLADE_TRUE='#'
CAIRO_CFLAGS='-D_REENTRANT -I/usr/include/cairo -I/usr/include/pixman-1 -I/usr/include/freetype2 -I/usr/include/directfb -I/usr/include/libpng12  '
CAIRO_LIBS='-lcairo  '
CAIRO_REQUIRED='1.4.0'
CC='gcc'
CCDEPMODE='depmode=gcc3'
CFLAGS='-g -O2'
CPP='gcc -E'
CPPFLAGS=''
CYGPATH_W='echo'
DATABOX_VERSION='0.9.1.3'
DEFS='-DHAVE_CONFIG_H'
DEPDIR='.deps'
DSYMUTIL=''
DUMPBIN=''
ECHO_C=''
ECHO_N='-n'
ECHO_T=''
EGREP='/bin/grep -E'
ENABLE_GTK_DOC_FALSE='#'
ENABLE_GTK_DOC_TRUE=''
EXEEXT=''
FGREP='/bin/grep -F'
GLADE3_CFLAGS=''
GLADE3_LIBS=''
GREP='/bin/grep'
GTKDOC_CHECK='/usr/bin/gtkdoc-check'
GTKDOC_MKPDF='/usr/bin/gtkdoc-mkpdf'
GTKDOC_REBASE='/usr/bin/gtkdoc-rebase'
GTK_CFLAGS='-pthread -D_REENTRANT -I/usr/include/gtk-2.0 -I/usr/lib/gtk-2.0/include -I/usr/include/atk-1.0 -I/usr/include/cairo -I/usr/include/pango-1.0 -I/usr/include/gio-unix-2.0/ -I/usr/include/glib-2.0 -I/usr/lib/glib-2.0/include -I/usr/include/pixman-1 -I/usr/include/freetype2 -I/usr/include/directfb -I/usr/include/libpng12  '
GTK_DOC_BUILD_HTML_FALSE='#'
GTK_DOC_BUILD_HTML_TRUE=''
GTK_DOC_BUILD_PDF_FALSE=''
GTK_DOC_BUILD_PDF_TRUE='#'
GTK_DOC_USE_LIBTOOL_FALSE='#'
GTK_DOC_USE_LIBTOOL_TRUE=''
GTK_DOC_USE_REBASE_FALSE='#'
GTK_DOC_USE_REBASE_TRUE=''
GTK_LIBS='-pthread -lgtk-x11-2.0 -lgdk-x11-2.0 -latk-1.0 -lgio-2.0 -lpangoft2-1.0 -lgdk_pixbuf-2.0 -lm -lpangocairo-1.0 -lcairo -lpango-1.0 -lfreetype -lfontconfig -lgobject-2.0 -lgmodule-2.0 -lgthread-2.0 -lrt -lglib-2.0  '
GTK_REQUIRED='2.8.0'
HTML_DIR='${datadir}/gtk-doc/html'
INSTALL_DATA='${INSTALL} -m 644'
INSTALL_PROGRAM='${INSTALL}'
INSTALL_SCRIPT='${INSTALL}'
INSTALL_STRIP_PROGRAM='$(install_sh) -c -s'
LD='/usr/bin/ld -m elf_x86_64'
LDFLAGS=''
LIBGLADE_CFLAGS=''
LIBGLADE_LIBS=''
LIBOBJS=''
LIBS=''
LIBTOOL='$(SHELL) $(top_builddir)/libtool'
LIPO=''
LN_S='ln -s'
LTLIBOBJS=''
LT_CURRENT='3'
LT_RELEASE='0.9.1'
MAKEINFO='${SHELL} /home/brphelps/BRP-PACU-Staging/gtkdatabox_git/missing --run makeinfo'
MKDIR_P='/bin/mkdir -p'
NM='/usr/bin/nm -B'
NMEDIT=''
OBJDUMP='objdump'
OBJEXT='o'
OTOOL64=''
OTOOL=''
PACKAGE='gtkdatabox'
PACKAGE_BUGREPORT=''
PACKAGE_NAME='gtkdatabox'
PACKAGE_STRING='gtkdatabox 0.9.1.3'
PACKAGE_TARNAME='gtkdatabox'
PACKAGE_URL=''
PACKAGE_VERSION='0.9.1.3'
PANGO_CFLAGS='-pthread -I/usr/include/pango-1.0 -I/usr/include/glib-2.0 -I/usr/lib/glib-2.0/include  '
PANGO_LIBS='-pthread -lpango-1.0 -lgobject-2.0 -lgmodule-2.0 -lgthread-2.0 -lrt -lglib-2.0  '
PANGO_REQUIRED='1.16.0'
PATH_SEPARATOR=':'
PKG_CONFIG='/usr/bin/pkg-config'
RANLIB='ranlib'
SED='/bin/sed'
SET_MAKE=''
SHELL='/bin/bash'
STRIP='strip'
VERSION='0.9.1.3'
ac_ct_CC='gcc'
ac_ct_DUMPBIN=''
am__EXEEXT_FALSE=''
am__EXEEXT_TRUE='#'
am__fastdepCC_FALSE='#'
am__fastdepCC_TRUE=''
am__include='include'
am__isrc=''
am__leading_dot='.'
am__quote=''
am__tar='${AMTAR} chof - "$$tardir"'
am__untar='${AMTAR} xf -'
bindir='${exec_prefix}/bin'
build='x86_64-unknown-linux-gnu'
build_alias=''
build_cpu='x86_64'
build_os='linux-gnu'
build_vendor='unknown'
datadir='${datarootdir}'
datarootdir='${prefix}/share'
docdir='${datarootdir}/doc/${PACKAGE_TARNAME}'
dvidir='${docdir}'
exec_prefix='${prefix}'
glade_catalogdir=''
glade_moduledir=''
host='x86_64-unknown-linux-gnu'
host_alias=''
host_cpu='x86_64'
host_os='linux-gnu'
host_vendor='unknown'
htmldir='${docdir}'
includedir='${prefix}/include'
infodir='${datarootdir}/info'
install_sh='${SHELL} /home/brphelps/BRP-PACU-Staging/gtkdatabox_git/install-sh'
libdir='${exec_prefix}/lib'
libexecdir='${exec_prefix}/libexec'
libglade_moduledir=''
localedir='${datarootdir}/locale'
localstatedir='${prefix}/var'
lt_ECHO='echo'
mandir='${datarootdir}/man'
mkdir_p='/bin/mkdir -p'
oldincludedir='/usr/include'
pdfdir='${docdir}'
prefix='/usr/local'
program_transform_name='s,x,x,'
psdir='${docdir}'
sbindir='${exec_prefix}/sbin'
sharedstatedir='${prefix}/com'
sysconfdir='${prefix}/etc'
target_alias=''

## ----------- ##
## confdefs.h. ##
## ----------- ##

/* confdefs.h */
#define PACKAGE_NAME "gtkdatabox"
#define PACKAGE_TARNAME "gtkdatabox"
#define PACKAGE_VERSION "0.9.1.3"
#define PACKAGE_STRING "gtkdatabox 0.9.1.3"
#define PACKAGE_BUGREPORT ""
#define PACKAGE_URL ""
#define PACKAGE "gtkdatabox"
#define VERSION "0.9.1.3"
#define STDC_HEADERS 1
#define HAVE_SYS_TYPES_H 1
#define HAVE_SYS_STAT_H 1
#define HAVE_STDLIB_H 1
#define HAVE_STRING_H 1
#define HAVE_MEMORY_H 1
#define HAVE_STRINGS_H 1
#define HAVE_INTTYPES_H 1
#define HAVE_STDINT_H 1
#define HAVE_UNISTD_H 1
#define HAVE_DLFCN_H 1
#define LT_OBJDIR ".libs/"

configure: exit 0
